<?xml version="1.0" encoding="UTF-8"?>
<testng-results ignored="0" total="1" passed="1" failed="0" skipped="0">
  <reporter-output>
  </reporter-output>
  <suite started-at="2022-12-16T15:12:35 IST" name="Default suite" finished-at="2022-12-16T15:12:42 IST" duration-ms="7113">
    <groups>
    </groups>
    <test started-at="2022-12-16T15:12:35 IST" name="Default test" finished-at="2022-12-16T15:12:42 IST" duration-ms="7113">
      <class name="test_Cases.TC006_GetitToday">
        <test-method signature="getittoday()[pri:0, instance:test_Cases.TC006_GetitToday@10d307f1]" started-at="2022-12-16T15:12:35 IST" name="getittoday" finished-at="2022-12-16T15:12:42 IST" duration-ms="7076" status="PASS">
          <reporter-output>
          </reporter-output>
        </test-method> <!-- getittoday -->
      </class> <!-- test_Cases.TC006_GetitToday -->
    </test> <!-- Default test -->
  </suite> <!-- Default suite -->
</testng-results>
